<?xml version="1.0" encoding="UTF-8"?>
<testng-results skipped="0" failed="0" total="1" passed="1">
  <reporter-output>
  </reporter-output>
  <suite name="Default suite" duration-ms="90400" started-at="2019-09-03T07:44:25Z" finished-at="2019-09-03T07:45:55Z">
    <groups>
    </groups>
    <test name="Default test" duration-ms="90400" started-at="2019-09-03T07:44:25Z" finished-at="2019-09-03T07:45:55Z">
      <class name="org.testing.testcases.TC3">
        <test-method status="PASS" signature="BrowserLaunch()[pri:0, instance:org.testing.testcases.TC3@4883b407]" name="BrowserLaunch" is-config="true" duration-ms="53078" started-at="2019-09-03T13:14:25Z" finished-at="2019-09-03T13:15:18Z">
          <reporter-output>
          </reporter-output>
        </test-method> <!-- BrowserLaunch -->
        <test-method status="PASS" signature="Login_VideoPlay()[pri:0, instance:org.testing.testcases.TC3@4883b407]" name="Login_VideoPlay" duration-ms="35032" started-at="2019-09-03T13:15:18Z" finished-at="2019-09-03T13:15:53Z">
          <reporter-output>
          </reporter-output>
        </test-method> <!-- Login_VideoPlay -->
        <test-method status="PASS" signature="BrowserClose()[pri:0, instance:org.testing.testcases.TC3@4883b407]" name="BrowserClose" is-config="true" duration-ms="2234" started-at="2019-09-03T13:15:53Z" finished-at="2019-09-03T13:15:55Z">
          <reporter-output>
          </reporter-output>
        </test-method> <!-- BrowserClose -->
      </class> <!-- org.testing.testcases.TC3 -->
    </test> <!-- Default test -->
  </suite> <!-- Default suite -->
</testng-results>
