<?xml version="1.0" encoding="UTF-8"?>
<testng-results skipped="0" failed="0" total="1" passed="1">
  <reporter-output>
  </reporter-output>
  <suite name="Default suite" duration-ms="80588" started-at="2019-09-03T09:31:25Z" finished-at="2019-09-03T09:32:46Z">
    <groups>
    </groups>
    <test name="Default test" duration-ms="80588" started-at="2019-09-03T09:31:25Z" finished-at="2019-09-03T09:32:46Z">
      <class name="org.testing.testcases.TC1">
        <test-method status="PASS" signature="BrowserLaunch()[pri:0, instance:org.testing.testcases.TC1@39c0f4a]" name="BrowserLaunch" is-config="true" duration-ms="50046" started-at="2019-09-03T15:01:25Z" finished-at="2019-09-03T15:02:15Z">
          <reporter-output>
          </reporter-output>
        </test-method> <!-- BrowserLaunch -->
        <test-method status="PASS" signature="Login_TrendingClick()[pri:0, instance:org.testing.testcases.TC1@39c0f4a]" name="Login_TrendingClick" duration-ms="27636" started-at="2019-09-03T15:02:15Z" finished-at="2019-09-03T15:02:43Z">
          <reporter-output>
          </reporter-output>
        </test-method> <!-- Login_TrendingClick -->
        <test-method status="PASS" signature="BrowserClose()[pri:0, instance:org.testing.testcases.TC1@39c0f4a]" name="BrowserClose" is-config="true" duration-ms="2887" started-at="2019-09-03T15:02:43Z" finished-at="2019-09-03T15:02:46Z">
          <reporter-output>
          </reporter-output>
        </test-method> <!-- BrowserClose -->
      </class> <!-- org.testing.testcases.TC1 -->
    </test> <!-- Default test -->
  </suite> <!-- Default suite -->
</testng-results>
